0 info it worked if it ends with ok
1 verbose cli [ 'd:\\Tools\\NodeJS\\node.exe',
1 verbose cli   'd:\\Tools\\NodeJS\\node_modules\\npm\\bin\\npm-cli.js',
1 verbose cli   'run',
1 verbose cli   'karma',
1 verbose cli   'start' ]
2 info using npm@2.14.7
3 info using node@v4.2.2
4 verbose stack Error: missing script: karma
4 verbose stack     at run (d:\Tools\NodeJS\node_modules\npm\lib\run-script.js:142:19)
4 verbose stack     at d:\Tools\NodeJS\node_modules\npm\lib\run-script.js:58:5
4 verbose stack     at d:\Tools\NodeJS\node_modules\npm\node_modules\read-package-json\read-json.js:345:5
4 verbose stack     at checkBinReferences_ (d:\Tools\NodeJS\node_modules\npm\node_modules\read-package-json\read-json.js:309:45)
4 verbose stack     at final (d:\Tools\NodeJS\node_modules\npm\node_modules\read-package-json\read-json.js:343:3)
4 verbose stack     at then (d:\Tools\NodeJS\node_modules\npm\node_modules\read-package-json\read-json.js:113:5)
4 verbose stack     at d:\Tools\NodeJS\node_modules\npm\node_modules\read-package-json\read-json.js:300:12
4 verbose stack     at d:\Tools\NodeJS\node_modules\npm\node_modules\graceful-fs\graceful-fs.js:76:16
4 verbose stack     at FSReqWrap.readFileAfterClose [as oncomplete] (fs.js:380:3)
5 verbose cwd C:\Users\gemboj\Documents\projects\broGaming
6 error Windows_NT 6.1.7601
7 error argv "d:\\Tools\\NodeJS\\node.exe" "d:\\Tools\\NodeJS\\node_modules\\npm\\bin\\npm-cli.js" "run" "karma" "start"
8 error node v4.2.2
9 error npm  v2.14.7
10 error missing script: karma
11 error If you need help, you may report this error at:
11 error     <https://github.com/npm/npm/issues>
12 verbose exit [ 1, true ]
